# JRE version: OpenJDK Runtime Environment (8.0_202-b03) (build 1.8.0_202-release-1483-b03)
# Java VM: OpenJDK 64-Bit Server VM (25.202-b03 mixed mode windows-amd64 compressed oops)
Heap:
 PSYoungGen      total 194560K, used 83056K [0x00000000e0000000, 0x00000000ef080000, 0x0000000100000000)
  eden space 180736K, 38% used [0x00000000e0000000,0x00000000e43a0558,0x00000000eb080000)
  from space 13824K, 99% used [0x00000000eb080000,0x00000000ebdfbc40,0x00000000ebe00000)
  to   space 13824K, 0% used [0x00000000ebe00000,0x00000000ebe00000,0x00000000ecb80000)
 ParOldGen       total 137728K, used 24036K [0x00000000a0000000, 0x00000000a8680000, 0x00000000e0000000)
  object space 137728K, 17% used [0x00000000a0000000,0x00000000a17793f0,0x00000000a8680000)
 Metaspace       used 56940K, capacity 58686K, committed 58752K, reserved 1099776K
  class space    used 7640K, capacity 8049K, committed 8064K, reserved 1048576K
GC Heap History (10 events):
Event: 10.178 GC heap before
{Heap before GC invocations=5 (full 1):
 PSYoungGen      total 76288K, used 65536K [0x00000000e0000000, 0x00000000e8b00000, 0x0000000100000000)
  eden space 65536K, 100% used [0x00000000e0000000,0x00000000e4000000,0x00000000e4000000)
  from space 10752K, 0% used [0x00000000e7f80000,0x00000000e7f80000,0x00000000e8a00000)
  to   space 1024K, 0% used [0x00000000e8a00000,0x00000000e8a00000,0x00000000e8b00000)
 ParOldGen       total 101888K, used 11194K [0x00000000a0000000, 0x00000000a6380000, 0x00000000e0000000)
  object space 101888K, 10% used [0x00000000a0000000,0x00000000a0aeea20,0x00000000a6380000)
 Metaspace       used 27956K, capacity 28486K, committed 28672K, reserved 1073152K
  class space    used 3813K, capacity 4002K, committed 4096K, reserved 1048576K
Event: 10.198 GC heap after
Heap after GC invocations=5 (full 1):
 PSYoungGen      total 109568K, used 1024K [0x00000000e0000000, 0x00000000e8b00000, 0x0000000100000000)
  eden space 108544K, 0% used [0x00000000e0000000,0x00000000e0000000,0x00000000e6a00000)
  from space 1024K, 100% used [0x00000000e8a00000,0x00000000e8b00000,0x00000000e8b00000)
  to   space 10752K, 0% used [0x00000000e7600000,0x00000000e7600000,0x00000000e8080000)
 ParOldGen       total 101888K, used 17436K [0x00000000a0000000, 0x00000000a6380000, 0x00000000e0000000)
  object space 101888K, 17% used [0x00000000a0000000,0x00000000a1107140,0x00000000a6380000)
 Metaspace       used 27956K, capacity 28486K, committed 28672K, reserved 1073152K
  class space    used 3813K, capacity 4002K, committed 4096K, reserved 1048576K
}
Event: 15.747 GC heap before
{Heap before GC invocations=6 (full 1):
 PSYoungGen      total 109568K, used 109568K [0x00000000e0000000, 0x00000000e8b00000, 0x0000000100000000)
  eden space 108544K, 100% used [0x00000000e0000000,0x00000000e6a00000,0x00000000e6a00000)
  from space 1024K, 100% used [0x00000000e8a00000,0x00000000e8b00000,0x00000000e8b00000)
  to   space 10752K, 0% used [0x00000000e7600000,0x00000000e7600000,0x00000000e8080000)
 ParOldGen       total 101888K, used 17436K [0x00000000a0000000, 0x00000000a6380000, 0x00000000e0000000)
  object space 101888K, 17% used [0x00000000a0000000,0x00000000a1107140,0x00000000a6380000)
 Metaspace       used 34163K, capacity 35038K, committed 35200K, reserved 1079296K
  class space    used 4695K, capacity 4893K, committed 4992K, reserved 1048576K
Event: 15.810 GC heap after
Heap after GC invocations=6 (full 1):
 PSYoungGen      total 131584K, used 10738K [0x00000000e0000000, 0x00000000ecb80000, 0x0000000100000000)
  eden space 120832K, 0% used [0x00000000e0000000,0x00000000e0000000,0x00000000e7600000)
  from space 10752K, 99% used [0x00000000e7600000,0x00000000e807c9e8,0x00000000e8080000)
  to   space 13824K, 0% used [0x00000000ebe00000,0x00000000ebe00000,0x00000000ecb80000)
 ParOldGen       total 101888K, used 17622K [0x00000000a0000000, 0x00000000a6380000, 0x00000000e0000000)
  object space 101888K, 17% used [0x00000000a0000000,0x00000000a1135a20,0x00000000a6380000)
 Metaspace       used 34163K, capacity 35038K, committed 35200K, reserved 1079296K
  class space    used 4695K, capacity 4893K, committed 4992K, reserved 1048576K
}
Event: 16.153 GC heap before
{Heap before GC invocations=7 (full 1):
 PSYoungGen      total 131584K, used 22098K [0x00000000e0000000, 0x00000000ecb80000, 0x0000000100000000)
  eden space 120832K, 9% used [0x00000000e0000000,0x00000000e0b18010,0x00000000e7600000)
  from space 10752K, 99% used [0x00000000e7600000,0x00000000e807c9e8,0x00000000e8080000)
  to   space 13824K, 0% used [0x00000000ebe00000,0x00000000ebe00000,0x00000000ecb80000)
 ParOldGen       total 101888K, used 17622K [0x00000000a0000000, 0x00000000a6380000, 0x00000000e0000000)
  object space 101888K, 17% used [0x00000000a0000000,0x00000000a1135a20,0x00000000a6380000)
 Metaspace       used 34461K, capacity 35368K, committed 35456K, reserved 1079296K
  class space    used 4733K, capacity 4936K, committed 4992K, reserved 1048576K
Event: 16.172 GC heap after
Heap after GC invocations=7 (full 1):
 PSYoungGen      total 194560K, used 6672K [0x00000000e0000000, 0x00000000ef080000, 0x0000000100000000)
  eden space 180736K, 0% used [0x00000000e0000000,0x00000000e0000000,0x00000000eb080000)
  from space 13824K, 48% used [0x00000000ebe00000,0x00000000ec484010,0x00000000ecb80000)
  to   space 13824K, 0% used [0x00000000eb080000,0x00000000eb080000,0x00000000ebe00000)
 ParOldGen       total 101888K, used 17630K [0x00000000a0000000, 0x00000000a6380000, 0x00000000e0000000)
  object space 101888K, 17% used [0x00000000a0000000,0x00000000a1137a20,0x00000000a6380000)
 Metaspace       used 34461K, capacity 35368K, committed 35456K, reserved 1079296K
  class space    used 4733K, capacity 4936K, committed 4992K, reserved 1048576K
}
Event: 16.172 GC heap before
{Heap before GC invocations=8 (full 2):
 PSYoungGen      total 194560K, used 6672K [0x00000000e0000000, 0x00000000ef080000, 0x0000000100000000)
  eden space 180736K, 0% used [0x00000000e0000000,0x00000000e0000000,0x00000000eb080000)
  from space 13824K, 48% used [0x00000000ebe00000,0x00000000ec484010,0x00000000ecb80000)
  to   space 13824K, 0% used [0x00000000eb080000,0x00000000eb080000,0x00000000ebe00000)
 ParOldGen       total 101888K, used 17630K [0x00000000a0000000, 0x00000000a6380000, 0x00000000e0000000)
  object space 101888K, 17% used [0x00000000a0000000,0x00000000a1137a20,0x00000000a6380000)
 Metaspace       used 34461K, capacity 35368K, committed 35456K, reserved 1079296K
  class space    used 4733K, capacity 4936K, committed 4992K, reserved 1048576K
Event: 16.263 GC heap after
Heap after GC invocations=8 (full 2):
 PSYoungGen      total 194560K, used 0K [0x00000000e0000000, 0x00000000ef080000, 0x0000000100000000)
  eden space 180736K, 0% used [0x00000000e0000000,0x00000000e0000000,0x00000000eb080000)
  from space 13824K, 0% used [0x00000000ebe00000,0x00000000ebe00000,0x00000000ecb80000)
  to   space 13824K, 0% used [0x00000000eb080000,0x00000000eb080000,0x00000000ebe00000)
 ParOldGen       total 137728K, used 16760K [0x00000000a0000000, 0x00000000a8680000, 0x00000000e0000000)
  object space 137728K, 12% used [0x00000000a0000000,0x00000000a105e208,0x00000000a8680000)
 Metaspace       used 34457K, capacity 35356K, committed 35456K, reserved 1079296K
  class space    used 4732K, capacity 4934K, committed 4992K, reserved 1048576K
}
Event: 21.272 GC heap before
{Heap before GC invocations=9 (full 2):
 PSYoungGen      total 194560K, used 180736K [0x00000000e0000000, 0x00000000ef080000, 0x0000000100000000)
  eden space 180736K, 100% used [0x00000000e0000000,0x00000000eb080000,0x00000000eb080000)
  from space 13824K, 0% used [0x00000000ebe00000,0x00000000ebe00000,0x00000000ecb80000)
  to   space 13824K, 0% used [0x00000000eb080000,0x00000000eb080000,0x00000000ebe00000)
 ParOldGen       total 137728K, used 16760K [0x00000000a0000000, 0x00000000a8680000, 0x00000000e0000000)
  object space 137728K, 12% used [0x00000000a0000000,0x00000000a105e208,0x00000000a8680000)
 Metaspace       used 51065K, capacity 52374K, committed 52736K, reserved 1095680K
  class space    used 6849K, capacity 7141K, committed 7168K, reserved 1048576K
Event: 21.296 GC heap after
Heap after GC invocations=9 (full 2):
 PSYoungGen      total 194560K, used 13807K [0x00000000e0000000, 0x00000000ef080000, 0x0000000100000000)
  eden space 180736K, 0% used [0x00000000e0000000,0x00000000e0000000,0x00000000eb080000)
  from space 13824K, 99% used [0x00000000eb080000,0x00000000ebdfbc40,0x00000000ebe00000)
  to   space 13824K, 0% used [0x00000000ebe00000,0x00000000ebe00000,0x00000000ecb80000)
 ParOldGen       total 137728K, used 24036K [0x00000000a0000000, 0x00000000a8680000, 0x00000000e0000000)
  object space 137728K, 17% used [0x00000000a0000000,0x00000000a17793f0,0x00000000a8680000)
 Metaspace       used 51065K, capacity 52374K, committed 52736K, reserved 1095680K
  class space    used 6849K, capacity 7141K, committed 7168K, reserved 1048576K
}

